Command line invocation:
    /Applications/Xcode.app/Contents/Developer/usr/bin/xcodebuild build -project clipper.xcodeproj -scheme clipper -destination platform=macOS

ComputePackagePrebuildTargetDependencyGraph

Prepare packages

CreateBuildRequest

SendProjectDescription

CreateBuildOperation

ComputeTargetDependencyGraph
note: Building targets in dependency order
note: Target dependency graph (1 target)
    Target 'clipper' in project 'clipper' (no dependencies)

GatherProvisioningInputs

CreateBuildDescription

ExecuteExternalTool /Applications/Xcode.app/Contents/Developer/Toolchains/XcodeDefault.xctoolchain/usr/bin/clang -v -E -dM -isysroot /Applications/Xcode.app/Contents/Developer/Platforms/MacOSX.platform/Developer/SDKs/MacOSX26.5.sdk -x c -c /dev/null

ExecuteExternalTool /Applications/Xcode.app/Contents/Developer/usr/bin/actool --version --output-format xml1

ExecuteExternalTool /Applications/Xcode.app/Contents/Developer/Toolchains/XcodeDefault.xctoolchain/usr/bin/swiftc --version

ExecuteExternalTool /Applications/Xcode.app/Contents/Developer/Toolchains/XcodeDefault.xctoolchain/usr/bin/ld -version_details

Build description signature: ec4c8ad4f76c0a281b294ea39d0b3619
Build description path: /Users/fe/Library/Developer/Xcode/DerivedData/clipper-aipzrmwikwkfrmczdamlhizsrnmk/Build/Intermediates.noindex/XCBuildData/ec4c8ad4f76c0a281b294ea39d0b3619.xcbuilddata
ClangStatCache /Applications/Xcode.app/Contents/Developer/Toolchains/XcodeDefault.xctoolchain/usr/bin/clang-stat-cache /Applications/Xcode.app/Contents/Developer/Platforms/MacOSX.platform/Developer/SDKs/MacOSX26.5.sdk /Users/fe/Library/Developer/Xcode/DerivedData/SDKStatCaches.noindex/macosx26.5-25F70-e082c4a02f00227109f4ed75e425c832.sdkstatcache
    cd /Users/fe/GitHub/clipper/clipper.xcodeproj
    /Applications/Xcode.app/Contents/Developer/Toolchains/XcodeDefault.xctoolchain/usr/bin/clang-stat-cache /Applications/Xcode.app/Contents/Developer/Platforms/MacOSX.platform/Developer/SDKs/MacOSX26.5.sdk -o /Users/fe/Library/Developer/Xcode/DerivedData/SDKStatCaches.noindex/macosx26.5-25F70-e082c4a02f00227109f4ed75e425c832.sdkstatcache

Ld /Users/fe/Library/Developer/Xcode/DerivedData/clipper-aipzrmwikwkfrmczdamlhizsrnmk/Build/Products/Debug/clipper.app/Contents/MacOS/__preview.dylib normal (in target 'clipper' from project 'clipper')
    cd /Users/fe/GitHub/clipper
    /Applications/Xcode.app/Contents/Developer/Toolchains/XcodeDefault.xctoolchain/usr/bin/clang -Xlinker -reproducible -target arm64-apple-macos26.5 -dynamiclib -isysroot /Applications/Xcode.app/Contents/Developer/Platforms/MacOSX.platform/Developer/SDKs/MacOSX26.5.sdk -O0 -L/Users/fe/Library/Developer/Xcode/DerivedData/clipper-aipzrmwikwkfrmczdamlhizsrnmk/Build/Products/Debug -F/Users/fe/Library/Developer/Xcode/DerivedData/clipper-aipzrmwikwkfrmczdamlhizsrnmk/Build/Products/Debug -install_name @rpath/clipper.debug.dylib -rdynamic -Xlinker -no_deduplicate -Xlinker -dependency_info -Xlinker /Users/fe/Library/Developer/Xcode/DerivedData/clipper-aipzrmwikwkfrmczdamlhizsrnmk/Build/Intermediates.noindex/clipper.build/Debug/clipper.build/Objects-normal/arm64/clipper_dependency_info.dat -Xlinker -no_adhoc_codesign -o /Users/fe/Library/Developer/Xcode/DerivedData/clipper-aipzrmwikwkfrmczdamlhizsrnmk/Build/Products/Debug/clipper.app/Contents/MacOS/__preview.dylib

WriteAuxiliaryFile /Users/fe/Library/Developer/Xcode/DerivedData/clipper-aipzrmwikwkfrmczdamlhizsrnmk/Build/Intermediates.noindex/clipper.build/Debug/clipper.build/Objects-normal/arm64/clipper.LinkFileList (in target 'clipper' from project 'clipper')
    cd /Users/fe/GitHub/clipper
    write-file /Users/fe/Library/Developer/Xcode/DerivedData/clipper-aipzrmwikwkfrmczdamlhizsrnmk/Build/Intermediates.noindex/clipper.build/Debug/clipper.build/Objects-normal/arm64/clipper.LinkFileList

WriteAuxiliaryFile /Users/fe/Library/Developer/Xcode/DerivedData/clipper-aipzrmwikwkfrmczdamlhizsrnmk/Build/Intermediates.noindex/clipper.build/Debug/clipper.build/Objects-normal/arm64/clipper.SwiftFileList (in target 'clipper' from project 'clipper')
    cd /Users/fe/GitHub/clipper
    write-file /Users/fe/Library/Developer/Xcode/DerivedData/clipper-aipzrmwikwkfrmczdamlhizsrnmk/Build/Intermediates.noindex/clipper.build/Debug/clipper.build/Objects-normal/arm64/clipper.SwiftFileList

WriteAuxiliaryFile /Users/fe/Library/Developer/Xcode/DerivedData/clipper-aipzrmwikwkfrmczdamlhizsrnmk/Build/Intermediates.noindex/clipper.build/Debug/clipper.build/Objects-normal/arm64/clipper.SwiftConstValuesFileList (in target 'clipper' from project 'clipper')
    cd /Users/fe/GitHub/clipper
    write-file /Users/fe/Library/Developer/Xcode/DerivedData/clipper-aipzrmwikwkfrmczdamlhizsrnmk/Build/Intermediates.noindex/clipper.build/Debug/clipper.build/Objects-normal/arm64/clipper.SwiftConstValuesFileList

WriteAuxiliaryFile /Users/fe/Library/Developer/Xcode/DerivedData/clipper-aipzrmwikwkfrmczdamlhizsrnmk/Build/Intermediates.noindex/clipper.build/Debug/clipper.build/Objects-normal/arm64/clipper-OutputFileMap.json (in target 'clipper' from project 'clipper')
    cd /Users/fe/GitHub/clipper
    write-file /Users/fe/Library/Developer/Xcode/DerivedData/clipper-aipzrmwikwkfrmczdamlhizsrnmk/Build/Intermediates.noindex/clipper.build/Debug/clipper.build/Objects-normal/arm64/clipper-OutputFileMap.json

ProcessInfoPlistFile /Users/fe/Library/Developer/Xcode/DerivedData/clipper-aipzrmwikwkfrmczdamlhizsrnmk/Build/Products/Debug/clipper.app/Contents/Info.plist /Users/fe/Library/Developer/Xcode/DerivedData/clipper-aipzrmwikwkfrmczdamlhizsrnmk/Build/Intermediates.noindex/clipper.build/Debug/clipper.build/empty-clipper.plist (in target 'clipper' from project 'clipper')
    cd /Users/fe/GitHub/clipper
    builtin-infoPlistUtility /Users/fe/Library/Developer/Xcode/DerivedData/clipper-aipzrmwikwkfrmczdamlhizsrnmk/Build/Intermediates.noindex/clipper.build/Debug/clipper.build/empty-clipper.plist -producttype com.apple.product-type.application -genpkginfo /Users/fe/Library/Developer/Xcode/DerivedData/clipper-aipzrmwikwkfrmczdamlhizsrnmk/Build/Products/Debug/clipper.app/Contents/PkgInfo -expandbuildsettings -platform macosx -additionalcontentfile /Users/fe/Library/Developer/Xcode/DerivedData/clipper-aipzrmwikwkfrmczdamlhizsrnmk/Build/Intermediates.noindex/clipper.build/Debug/clipper.build/assetcatalog_generated_info.plist -o /Users/fe/Library/Developer/Xcode/DerivedData/clipper-aipzrmwikwkfrmczdamlhizsrnmk/Build/Products/Debug/clipper.app/Contents/Info.plist

SwiftDriver clipper normal arm64 com.apple.xcode.tools.swift.compiler (in target 'clipper' from project 'clipper')
    cd /Users/fe/GitHub/clipper
    builtin-SwiftDriver -- /Applications/Xcode.app/Contents/Developer/Toolchains/XcodeDefault.xctoolchain/usr/bin/swiftc -module-name clipper -Onone @/Users/fe/Library/Developer/Xcode/DerivedData/clipper-aipzrmwikwkfrmczdamlhizsrnmk/Build/Intermediates.noindex/clipper.build/Debug/clipper.build/Objects-normal/arm64/clipper.SwiftFileList -DDEBUG -default-isolation\=MainActor -enable-upcoming-feature MemberImportVisibility -enable-upcoming-feature InferIsolatedConformances -enable-upcoming-feature NonisolatedNonsendingByDefault -enable-experimental-feature DebugDescriptionMacro -sdk /Applications/Xcode.app/Contents/Developer/Platforms/MacOSX.platform/Developer/SDKs/MacOSX26.5.sdk -target arm64-apple-macos26.5 -g -module-cache-path /Users/fe/Library/Developer/Xcode/DerivedData/ModuleCache.noindex -Xfrontend -serialize-debugging-options -enable-testing -index-store-path /Users/fe/Library/Developer/Xcode/DerivedData/clipper-aipzrmwikwkfrmczdamlhizsrnmk/Index.noindex/DataStore -Xcc -D_LIBCPP_HARDENING_MODE\=_LIBCPP_HARDENING_MODE_DEBUG -swift-version 6 -I /Users/fe/Library/Developer/Xcode/DerivedData/clipper-aipzrmwikwkfrmczdamlhizsrnmk/Build/Products/Debug -F /Users/fe/Library/Developer/Xcode/DerivedData/clipper-aipzrmwikwkfrmczdamlhizsrnmk/Build/Products/Debug -emit-localized-strings -emit-localized-strings-path /Users/fe/Library/Developer/Xcode/DerivedData/clipper-aipzrmwikwkfrmczdamlhizsrnmk/Build/Intermediates.noindex/clipper.build/Debug/clipper.build/Objects-normal/arm64 -c -j10 -enable-batch-mode -incremental -Xcc -ivfsstatcache -Xcc /Users/fe/Library/Developer/Xcode/DerivedData/SDKStatCaches.noindex/macosx26.5-25F70-e082c4a02f00227109f4ed75e425c832.sdkstatcache -output-file-map /Users/fe/Library/Developer/Xcode/DerivedData/clipper-aipzrmwikwkfrmczdamlhizsrnmk/Build/Intermediates.noindex/clipper.build/Debug/clipper.build/Objects-normal/arm64/clipper-OutputFileMap.json -use-frontend-parseable-output -save-temps -no-color-diagnostics -explicit-module-build -module-cache-path /Users/fe/Library/Developer/Xcode/DerivedData/clipper-aipzrmwikwkfrmczdamlhizsrnmk/Build/Intermediates.noindex/SwiftExplicitPrecompiledModules -clang-scanner-module-cache-path /Users/fe/Library/Developer/Xcode/DerivedData/ModuleCache.noindex -sdk-module-cache-path /Users/fe/Library/Developer/Xcode/DerivedData/ModuleCache.noindex -serialize-diagnostics -emit-dependencies -emit-module -emit-module-path /Users/fe/Library/Developer/Xcode/DerivedData/clipper-aipzrmwikwkfrmczdamlhizsrnmk/Build/Intermediates.noindex/clipper.build/Debug/clipper.build/Objects-normal/arm64/clipper.swiftmodule -validate-clang-modules-once -clang-build-session-file /Users/fe/Library/Developer/Xcode/DerivedData/ModuleCache.noindex/Session.modulevalidation -Xcc -I/Users/fe/Library/Developer/Xcode/DerivedData/clipper-aipzrmwikwkfrmczdamlhizsrnmk/Build/Intermediates.noindex/clipper.build/Debug/clipper.build/swift-overrides.hmap -emit-const-values -Xfrontend -const-gather-protocols-file -Xfrontend /Users/fe/Library/Developer/Xcode/DerivedData/clipper-aipzrmwikwkfrmczdamlhizsrnmk/Build/Intermediates.noindex/clipper.build/Debug/clipper.build/Objects-normal/arm64/clipper_const_extract_protocols.json -Xcc -iquote -Xcc /Users/fe/Library/Developer/Xcode/DerivedData/clipper-aipzrmwikwkfrmczdamlhizsrnmk/Build/Intermediates.noindex/clipper.build/Debug/clipper.build/clipper-generated-files.hmap -Xcc -I/Users/fe/Library/Developer/Xcode/DerivedData/clipper-aipzrmwikwkfrmczdamlhizsrnmk/Build/Intermediates.noindex/clipper.build/Debug/clipper.build/clipper-own-target-headers.hmap -Xcc -I/Users/fe/Library/Developer/Xcode/DerivedData/clipper-aipzrmwikwkfrmczdamlhizsrnmk/Build/Intermediates.noindex/clipper.build/Debug/clipper.build/clipper-all-target-headers.hmap -Xcc -iquote -Xcc /Users/fe/Library/Developer/Xcode/DerivedData/clipper-aipzrmwikwkfrmczdamlhizsrnmk/Build/Intermediates.noindex/clipper.build/Debug/clipper.build/clipper-project-headers.hmap -Xcc -I/Users/fe/Library/Developer/Xcode/DerivedData/clipper-aipzrmwikwkfrmczdamlhizsrnmk/Build/Products/Debug/include -Xcc -I/Users/fe/Library/Developer/Xcode/DerivedData/clipper-aipzrmwikwkfrmczdamlhizsrnmk/Build/Intermediates.noindex/clipper.build/Debug/clipper.build/DerivedSources-normal/arm64 -Xcc -I/Users/fe/Library/Developer/Xcode/DerivedData/clipper-aipzrmwikwkfrmczdamlhizsrnmk/Build/Intermediates.noindex/clipper.build/Debug/clipper.build/DerivedSources/arm64 -Xcc -I/Users/fe/Library/Developer/Xcode/DerivedData/clipper-aipzrmwikwkfrmczdamlhizsrnmk/Build/Intermediates.noindex/clipper.build/Debug/clipper.build/DerivedSources -Xcc -DDEBUG\=1 -emit-objc-header -emit-objc-header-path /Users/fe/Library/Developer/Xcode/DerivedData/clipper-aipzrmwikwkfrmczdamlhizsrnmk/Build/Intermediates.noindex/clipper.build/Debug/clipper.build/Objects-normal/arm64/clipper-Swift.h -working-directory /Users/fe/GitHub/clipper -experimental-emit-module-separately -disable-cmo

SwiftEmitModule normal arm64 Emitting\ module\ for\ clipper (in target 'clipper' from project 'clipper')

EmitSwiftModule normal arm64 (in target 'clipper' from project 'clipper')
    cd /Users/fe/GitHub/clipper
    

SwiftCompile normal arm64 Compiling\ clipperApp.swift,\ Constants.swift,\ FloatingPanel.swift /Users/fe/GitHub/clipper/clipper/App/clipperApp.swift /Users/fe/GitHub/clipper/clipper/App/Constants.swift /Users/fe/GitHub/clipper/clipper/App/FloatingPanel.swift (in target 'clipper' from project 'clipper')
SwiftCompile normal arm64 /Users/fe/GitHub/clipper/clipper/App/clipperApp.swift (in target 'clipper' from project 'clipper')
    cd /Users/fe/GitHub/clipper
    

SwiftCompile normal arm64 /Users/fe/GitHub/clipper/clipper/App/Constants.swift (in target 'clipper' from project 'clipper')
    cd /Users/fe/GitHub/clipper
    

SwiftCompile normal arm64 /Users/fe/GitHub/clipper/clipper/App/FloatingPanel.swift (in target 'clipper' from project 'clipper')
    cd /Users/fe/GitHub/clipper
    

SwiftCompile normal arm64 Compiling\ ClipboardManaging.swift,\ HotkeyManaging.swift,\ PanelManaging.swift /Users/fe/GitHub/clipper/clipper/Protocols/ClipboardManaging.swift /Users/fe/GitHub/clipper/clipper/Protocols/HotkeyManaging.swift /Users/fe/GitHub/clipper/clipper/Protocols/PanelManaging.swift (in target 'clipper' from project 'clipper')

SwiftCompile normal arm64 /Users/fe/GitHub/clipper/clipper/Protocols/ClipboardManaging.swift (in target 'clipper' from project 'clipper')
    cd /Users/fe/GitHub/clipper
    

SwiftCompile normal arm64 /Users/fe/GitHub/clipper/clipper/Protocols/HotkeyManaging.swift (in target 'clipper' from project 'clipper')
    cd /Users/fe/GitHub/clipper
    

SwiftCompile normal arm64 /Users/fe/GitHub/clipper/clipper/Protocols/PanelManaging.swift (in target 'clipper' from project 'clipper')
    cd /Users/fe/GitHub/clipper
    

SwiftCompile normal arm64 Compiling\ UpdateManager.swift,\ ClipboardItem.swift,\ HotkeyTypes.swift /Users/fe/GitHub/clipper/clipper/Managers/UpdateManager.swift /Users/fe/GitHub/clipper/clipper/Models/ClipboardItem.swift /Users/fe/GitHub/clipper/clipper/Models/HotkeyTypes.swift (in target 'clipper' from project 'clipper')

SwiftCompile normal arm64 /Users/fe/GitHub/clipper/clipper/Managers/UpdateManager.swift (in target 'clipper' from project 'clipper')
    cd /Users/fe/GitHub/clipper
    

SwiftCompile normal arm64 /Users/fe/GitHub/clipper/clipper/Models/ClipboardItem.swift (in target 'clipper' from project 'clipper')
    cd /Users/fe/GitHub/clipper
    

SwiftCompile normal arm64 /Users/fe/GitHub/clipper/clipper/Models/HotkeyTypes.swift (in target 'clipper' from project 'clipper')
    cd /Users/fe/GitHub/clipper
    

SwiftCompile normal arm64 Compiling\ UpdateManaging.swift,\ AppVersionProvider.swift,\ LoginItemService.swift /Users/fe/GitHub/clipper/clipper/Protocols/UpdateManaging.swift /Users/fe/GitHub/clipper/clipper/Services/AppVersionProvider.swift /Users/fe/GitHub/clipper/clipper/Services/LoginItemService.swift (in target 'clipper' from project 'clipper')

SwiftCompile normal arm64 /Users/fe/GitHub/clipper/clipper/Protocols/UpdateManaging.swift (in target 'clipper' from project 'clipper')
    cd /Users/fe/GitHub/clipper
    

SwiftCompile normal arm64 /Users/fe/GitHub/clipper/clipper/Services/AppVersionProvider.swift (in target 'clipper' from project 'clipper')
    cd /Users/fe/GitHub/clipper
    

SwiftCompile normal arm64 /Users/fe/GitHub/clipper/clipper/Services/LoginItemService.swift (in target 'clipper' from project 'clipper')
    cd /Users/fe/GitHub/clipper
    

SwiftCompile normal arm64 Compiling\ PasteService.swift,\ AboutSettingsView.swift,\ ClipboardRow.swift /Users/fe/GitHub/clipper/clipper/Services/PasteService.swift /Users/fe/GitHub/clipper/clipper/Views/AboutSettingsView.swift /Users/fe/GitHub/clipper/clipper/Views/ClipboardRow.swift (in target 'clipper' from project 'clipper')

SwiftCompile normal arm64 /Users/fe/GitHub/clipper/clipper/Services/PasteService.swift (in target 'clipper' from project 'clipper')
    cd /Users/fe/GitHub/clipper
    

SwiftCompile normal arm64 /Users/fe/GitHub/clipper/clipper/Views/AboutSettingsView.swift (in target 'clipper' from project 'clipper')
    cd /Users/fe/GitHub/clipper
    

SwiftCompile normal arm64 /Users/fe/GitHub/clipper/clipper/Views/ClipboardRow.swift (in target 'clipper' from project 'clipper')
    cd /Users/fe/GitHub/clipper
    

SwiftCompile normal arm64 Compiling\ ContentView.swift,\ GeneralSettingsView.swift,\ HotkeySettingsView.swift /Users/fe/GitHub/clipper/clipper/Views/ContentView.swift /Users/fe/GitHub/clipper/clipper/Views/GeneralSettingsView.swift /Users/fe/GitHub/clipper/clipper/Views/HotkeySettingsView.swift (in target 'clipper' from project 'clipper')
SwiftCompile normal arm64 /Users/fe/GitHub/clipper/clipper/Views/ContentView.swift (in target 'clipper' from project 'clipper')
    cd /Users/fe/GitHub/clipper
    

SwiftCompile normal arm64 /Users/fe/GitHub/clipper/clipper/Views/GeneralSettingsView.swift (in target 'clipper' from project 'clipper')
    cd /Users/fe/GitHub/clipper
    

SwiftCompile normal arm64 /Users/fe/GitHub/clipper/clipper/Views/HotkeySettingsView.swift (in target 'clipper' from project 'clipper')
    cd /Users/fe/GitHub/clipper
    

SwiftCompile normal arm64 Compiling\ GlobalEventMonitor.swift,\ Theme.swift,\ UserDefaultsKeys.swift /Users/fe/GitHub/clipper/clipper/App/GlobalEventMonitor.swift /Users/fe/GitHub/clipper/clipper/App/Theme.swift /Users/fe/GitHub/clipper/clipper/App/UserDefaultsKeys.swift (in target 'clipper' from project 'clipper')

SwiftCompile normal arm64 /Users/fe/GitHub/clipper/clipper/App/GlobalEventMonitor.swift (in target 'clipper' from project 'clipper')
    cd /Users/fe/GitHub/clipper
    

SwiftCompile normal arm64 /Users/fe/GitHub/clipper/clipper/App/Theme.swift (in target 'clipper' from project 'clipper')
    cd /Users/fe/GitHub/clipper
    

SwiftCompile normal arm64 /Users/fe/GitHub/clipper/clipper/App/UserDefaultsKeys.swift (in target 'clipper' from project 'clipper')
    cd /Users/fe/GitHub/clipper
    

SwiftCompile normal arm64 Compiling\ SettingsView.swift,\ ShortcutRecorder.swift,\ SidebarView.swift /Users/fe/GitHub/clipper/clipper/Views/SettingsView.swift /Users/fe/GitHub/clipper/clipper/Views/ShortcutRecorder.swift /Users/fe/GitHub/clipper/clipper/Views/SidebarView.swift (in target 'clipper' from project 'clipper')

SwiftCompile normal arm64 /Users/fe/GitHub/clipper/clipper/Views/SettingsView.swift (in target 'clipper' from project 'clipper')
    cd /Users/fe/GitHub/clipper
    

SwiftCompile normal arm64 /Users/fe/GitHub/clipper/clipper/Views/ShortcutRecorder.swift (in target 'clipper' from project 'clipper')
    cd /Users/fe/GitHub/clipper
    

SwiftCompile normal arm64 /Users/fe/GitHub/clipper/clipper/Views/SidebarView.swift (in target 'clipper' from project 'clipper')
    cd /Users/fe/GitHub/clipper
    

SwiftCompile normal arm64 Compiling\ ClipboardManager.swift,\ HotkeyManager.swift,\ PanelManager.swift /Users/fe/GitHub/clipper/clipper/Managers/ClipboardManager.swift /Users/fe/GitHub/clipper/clipper/Managers/HotkeyManager.swift /Users/fe/GitHub/clipper/clipper/Managers/PanelManager.swift (in target 'clipper' from project 'clipper')

SwiftCompile normal arm64 /Users/fe/GitHub/clipper/clipper/Managers/ClipboardManager.swift (in target 'clipper' from project 'clipper')
    cd /Users/fe/GitHub/clipper
    

SwiftCompile normal arm64 /Users/fe/GitHub/clipper/clipper/Managers/HotkeyManager.swift (in target 'clipper' from project 'clipper')
    cd /Users/fe/GitHub/clipper
    

SwiftCompile normal arm64 /Users/fe/GitHub/clipper/clipper/Managers/PanelManager.swift (in target 'clipper' from project 'clipper')
    cd /Users/fe/GitHub/clipper
    

SwiftCompile normal arm64 Compiling\ UpdateSettingsView.swift,\ GeneratedAssetSymbols.swift /Users/fe/GitHub/clipper/clipper/Views/UpdateSettingsView.swift /Users/fe/Library/Developer/Xcode/DerivedData/clipper-aipzrmwikwkfrmczdamlhizsrnmk/Build/Intermediates.noindex/clipper.build/Debug/clipper.build/DerivedSources/GeneratedAssetSymbols.swift (in target 'clipper' from project 'clipper')

SwiftCompile normal arm64 /Users/fe/GitHub/clipper/clipper/Views/UpdateSettingsView.swift (in target 'clipper' from project 'clipper')
    cd /Users/fe/GitHub/clipper
    

SwiftCompile normal arm64 /Users/fe/Library/Developer/Xcode/DerivedData/clipper-aipzrmwikwkfrmczdamlhizsrnmk/Build/Intermediates.noindex/clipper.build/Debug/clipper.build/DerivedSources/GeneratedAssetSymbols.swift (in target 'clipper' from project 'clipper')
    cd /Users/fe/GitHub/clipper
    

SwiftDriverJobDiscovery normal arm64 Compiling ClipboardManaging.swift, HotkeyManaging.swift, PanelManaging.swift (in target 'clipper' from project 'clipper')

SwiftDriverJobDiscovery normal arm64 Compiling GlobalEventMonitor.swift, Theme.swift, UserDefaultsKeys.swift (in target 'clipper' from project 'clipper')

SwiftDriverJobDiscovery normal arm64 Compiling UpdateManaging.swift, AppVersionProvider.swift, LoginItemService.swift (in target 'clipper' from project 'clipper')

SwiftDriverJobDiscovery normal arm64 Compiling UpdateManager.swift, ClipboardItem.swift, HotkeyTypes.swift (in target 'clipper' from project 'clipper')

SwiftDriverJobDiscovery normal arm64 Compiling UpdateSettingsView.swift, GeneratedAssetSymbols.swift (in target 'clipper' from project 'clipper')

SwiftDriverJobDiscovery normal arm64 Compiling PasteService.swift, AboutSettingsView.swift, ClipboardRow.swift (in target 'clipper' from project 'clipper')

SwiftDriverJobDiscovery normal arm64 Emitting module for clipper (in target 'clipper' from project 'clipper')

SwiftDriver\ Compilation\ Requirements clipper normal arm64 com.apple.xcode.tools.swift.compiler (in target 'clipper' from project 'clipper')
    cd /Users/fe/GitHub/clipper
    builtin-Swift-Compilation-Requirements -- /Applications/Xcode.app/Contents/Developer/Toolchains/XcodeDefault.xctoolchain/usr/bin/swiftc -module-name clipper -Onone @/Users/fe/Library/Developer/Xcode/DerivedData/clipper-aipzrmwikwkfrmczdamlhizsrnmk/Build/Intermediates.noindex/clipper.build/Debug/clipper.build/Objects-normal/arm64/clipper.SwiftFileList -DDEBUG -default-isolation\=MainActor -enable-upcoming-feature MemberImportVisibility -enable-upcoming-feature InferIsolatedConformances -enable-upcoming-feature NonisolatedNonsendingByDefault -enable-experimental-feature DebugDescriptionMacro -sdk /Applications/Xcode.app/Contents/Developer/Platforms/MacOSX.platform/Developer/SDKs/MacOSX26.5.sdk -target arm64-apple-macos26.5 -g -module-cache-path /Users/fe/Library/Developer/Xcode/DerivedData/ModuleCache.noindex -Xfrontend -serialize-debugging-options -enable-testing -index-store-path /Users/fe/Library/Developer/Xcode/DerivedData/clipper-aipzrmwikwkfrmczdamlhizsrnmk/Index.noindex/DataStore -Xcc -D_LIBCPP_HARDENING_MODE\=_LIBCPP_HARDENING_MODE_DEBUG -swift-version 6 -I /Users/fe/Library/Developer/Xcode/DerivedData/clipper-aipzrmwikwkfrmczdamlhizsrnmk/Build/Products/Debug -F /Users/fe/Library/Developer/Xcode/DerivedData/clipper-aipzrmwikwkfrmczdamlhizsrnmk/Build/Products/Debug -emit-localized-strings -emit-localized-strings-path /Users/fe/Library/Developer/Xcode/DerivedData/clipper-aipzrmwikwkfrmczdamlhizsrnmk/Build/Intermediates.noindex/clipper.build/Debug/clipper.build/Objects-normal/arm64 -c -j10 -enable-batch-mode -incremental -Xcc -ivfsstatcache -Xcc /Users/fe/Library/Developer/Xcode/DerivedData/SDKStatCaches.noindex/macosx26.5-25F70-e082c4a02f00227109f4ed75e425c832.sdkstatcache -output-file-map /Users/fe/Library/Developer/Xcode/DerivedData/clipper-aipzrmwikwkfrmczdamlhizsrnmk/Build/Intermediates.noindex/clipper.build/Debug/clipper.build/Objects-normal/arm64/clipper-OutputFileMap.json -use-frontend-parseable-output -save-temps -no-color-diagnostics -explicit-module-build -module-cache-path /Users/fe/Library/Developer/Xcode/DerivedData/clipper-aipzrmwikwkfrmczdamlhizsrnmk/Build/Intermediates.noindex/SwiftExplicitPrecompiledModules -clang-scanner-module-cache-path /Users/fe/Library/Developer/Xcode/DerivedData/ModuleCache.noindex -sdk-module-cache-path /Users/fe/Library/Developer/Xcode/DerivedData/ModuleCache.noindex -serialize-diagnostics -emit-dependencies -emit-module -emit-module-path /Users/fe/Library/Developer/Xcode/DerivedData/clipper-aipzrmwikwkfrmczdamlhizsrnmk/Build/Intermediates.noindex/clipper.build/Debug/clipper.build/Objects-normal/arm64/clipper.swiftmodule -validate-clang-modules-once -clang-build-session-file /Users/fe/Library/Developer/Xcode/DerivedData/ModuleCache.noindex/Session.modulevalidation -Xcc -I/Users/fe/Library/Developer/Xcode/DerivedData/clipper-aipzrmwikwkfrmczdamlhizsrnmk/Build/Intermediates.noindex/clipper.build/Debug/clipper.build/swift-overrides.hmap -emit-const-values -Xfrontend -const-gather-protocols-file -Xfrontend /Users/fe/Library/Developer/Xcode/DerivedData/clipper-aipzrmwikwkfrmczdamlhizsrnmk/Build/Intermediates.noindex/clipper.build/Debug/clipper.build/Objects-normal/arm64/clipper_const_extract_protocols.json -Xcc -iquote -Xcc /Users/fe/Library/Developer/Xcode/DerivedData/clipper-aipzrmwikwkfrmczdamlhizsrnmk/Build/Intermediates.noindex/clipper.build/Debug/clipper.build/clipper-generated-files.hmap -Xcc -I/Users/fe/Library/Developer/Xcode/DerivedData/clipper-aipzrmwikwkfrmczdamlhizsrnmk/Build/Intermediates.noindex/clipper.build/Debug/clipper.build/clipper-own-target-headers.hmap -Xcc -I/Users/fe/Library/Developer/Xcode/DerivedData/clipper-aipzrmwikwkfrmczdamlhizsrnmk/Build/Intermediates.noindex/clipper.build/Debug/clipper.build/clipper-all-target-headers.hmap -Xcc -iquote -Xcc /Users/fe/Library/Developer/Xcode/DerivedData/clipper-aipzrmwikwkfrmczdamlhizsrnmk/Build/Intermediates.noindex/clipper.build/Debug/clipper.build/clipper-project-headers.hmap -Xcc -I/Users/fe/Library/Developer/Xcode/DerivedData/clipper-aipzrmwikwkfrmczdamlhizsrnmk/Build/Products/Debug/include -Xcc -I/Users/fe/Library/Developer/Xcode/DerivedData/clipper-aipzrmwikwkfrmczdamlhizsrnmk/Build/Intermediates.noindex/clipper.build/Debug/clipper.build/DerivedSources-normal/arm64 -Xcc -I/Users/fe/Library/Developer/Xcode/DerivedData/clipper-aipzrmwikwkfrmczdamlhizsrnmk/Build/Intermediates.noindex/clipper.build/Debug/clipper.build/DerivedSources/arm64 -Xcc -I/Users/fe/Library/Developer/Xcode/DerivedData/clipper-aipzrmwikwkfrmczdamlhizsrnmk/Build/Intermediates.noindex/clipper.build/Debug/clipper.build/DerivedSources -Xcc -DDEBUG\=1 -emit-objc-header -emit-objc-header-path /Users/fe/Library/Developer/Xcode/DerivedData/clipper-aipzrmwikwkfrmczdamlhizsrnmk/Build/Intermediates.noindex/clipper.build/Debug/clipper.build/Objects-normal/arm64/clipper-Swift.h -working-directory /Users/fe/GitHub/clipper -experimental-emit-module-separately -disable-cmo

Copy /Users/fe/Library/Developer/Xcode/DerivedData/clipper-aipzrmwikwkfrmczdamlhizsrnmk/Build/Products/Debug/clipper.swiftmodule/arm64-apple-macos.swiftmodule /Users/fe/Library/Developer/Xcode/DerivedData/clipper-aipzrmwikwkfrmczdamlhizsrnmk/Build/Intermediates.noindex/clipper.build/Debug/clipper.build/Objects-normal/arm64/clipper.swiftmodule (in target 'clipper' from project 'clipper')
    cd /Users/fe/GitHub/clipper
    builtin-copy -exclude .DS_Store -exclude CVS -exclude .svn -exclude .git -exclude .hg -resolve-src-symlinks -rename /Users/fe/Library/Developer/Xcode/DerivedData/clipper-aipzrmwikwkfrmczdamlhizsrnmk/Build/Intermediates.noindex/clipper.build/Debug/clipper.build/Objects-normal/arm64/clipper.swiftmodule /Users/fe/Library/Developer/Xcode/DerivedData/clipper-aipzrmwikwkfrmczdamlhizsrnmk/Build/Products/Debug/clipper.swiftmodule/arm64-apple-macos.swiftmodule

Copy /Users/fe/Library/Developer/Xcode/DerivedData/clipper-aipzrmwikwkfrmczdamlhizsrnmk/Build/Products/Debug/clipper.swiftmodule/Project/arm64-apple-macos.swiftsourceinfo /Users/fe/Library/Developer/Xcode/DerivedData/clipper-aipzrmwikwkfrmczdamlhizsrnmk/Build/Intermediates.noindex/clipper.build/Debug/clipper.build/Objects-normal/arm64/clipper.swiftsourceinfo (in target 'clipper' from project 'clipper')
    cd /Users/fe/GitHub/clipper
    builtin-copy -exclude .DS_Store -exclude CVS -exclude .svn -exclude .git -exclude .hg -resolve-src-symlinks -rename /Users/fe/Library/Developer/Xcode/DerivedData/clipper-aipzrmwikwkfrmczdamlhizsrnmk/Build/Intermediates.noindex/clipper.build/Debug/clipper.build/Objects-normal/arm64/clipper.swiftsourceinfo /Users/fe/Library/Developer/Xcode/DerivedData/clipper-aipzrmwikwkfrmczdamlhizsrnmk/Build/Products/Debug/clipper.swiftmodule/Project/arm64-apple-macos.swiftsourceinfo

Copy /Users/fe/Library/Developer/Xcode/DerivedData/clipper-aipzrmwikwkfrmczdamlhizsrnmk/Build/Products/Debug/clipper.swiftmodule/arm64-apple-macos.abi.json /Users/fe/Library/Developer/Xcode/DerivedData/clipper-aipzrmwikwkfrmczdamlhizsrnmk/Build/Intermediates.noindex/clipper.build/Debug/clipper.build/Objects-normal/arm64/clipper.abi.json (in target 'clipper' from project 'clipper')
    cd /Users/fe/GitHub/clipper
    builtin-copy -exclude .DS_Store -exclude CVS -exclude .svn -exclude .git -exclude .hg -resolve-src-symlinks -rename /Users/fe/Library/Developer/Xcode/DerivedData/clipper-aipzrmwikwkfrmczdamlhizsrnmk/Build/Intermediates.noindex/clipper.build/Debug/clipper.build/Objects-normal/arm64/clipper.abi.json /Users/fe/Library/Developer/Xcode/DerivedData/clipper-aipzrmwikwkfrmczdamlhizsrnmk/Build/Products/Debug/clipper.swiftmodule/arm64-apple-macos.abi.json

SwiftDriverJobDiscovery normal arm64 Compiling ClipboardManager.swift, HotkeyManager.swift, PanelManager.swift (in target 'clipper' from project 'clipper')

SwiftDriverJobDiscovery normal arm64 Compiling clipperApp.swift, Constants.swift, FloatingPanel.swift (in target 'clipper' from project 'clipper')

SwiftDriverJobDiscovery normal arm64 Compiling SettingsView.swift, ShortcutRecorder.swift, SidebarView.swift (in target 'clipper' from project 'clipper')

SwiftDriverJobDiscovery normal arm64 Compiling ContentView.swift, GeneralSettingsView.swift, HotkeySettingsView.swift (in target 'clipper' from project 'clipper')

SwiftDriver\ Compilation clipper normal arm64 com.apple.xcode.tools.swift.compiler (in target 'clipper' from project 'clipper')
    cd /Users/fe/GitHub/clipper
    builtin-Swift-Compilation -- /Applications/Xcode.app/Contents/Developer/Toolchains/XcodeDefault.xctoolchain/usr/bin/swiftc -module-name clipper -Onone @/Users/fe/Library/Developer/Xcode/DerivedData/clipper-aipzrmwikwkfrmczdamlhizsrnmk/Build/Intermediates.noindex/clipper.build/Debug/clipper.build/Objects-normal/arm64/clipper.SwiftFileList -DDEBUG -default-isolation\=MainActor -enable-upcoming-feature MemberImportVisibility -enable-upcoming-feature InferIsolatedConformances -enable-upcoming-feature NonisolatedNonsendingByDefault -enable-experimental-feature DebugDescriptionMacro -sdk /Applications/Xcode.app/Contents/Developer/Platforms/MacOSX.platform/Developer/SDKs/MacOSX26.5.sdk -target arm64-apple-macos26.5 -g -module-cache-path /Users/fe/Library/Developer/Xcode/DerivedData/ModuleCache.noindex -Xfrontend -serialize-debugging-options -enable-testing -index-store-path /Users/fe/Library/Developer/Xcode/DerivedData/clipper-aipzrmwikwkfrmczdamlhizsrnmk/Index.noindex/DataStore -Xcc -D_LIBCPP_HARDENING_MODE\=_LIBCPP_HARDENING_MODE_DEBUG -swift-version 6 -I /Users/fe/Library/Developer/Xcode/DerivedData/clipper-aipzrmwikwkfrmczdamlhizsrnmk/Build/Products/Debug -F /Users/fe/Library/Developer/Xcode/DerivedData/clipper-aipzrmwikwkfrmczdamlhizsrnmk/Build/Products/Debug -emit-localized-strings -emit-localized-strings-path /Users/fe/Library/Developer/Xcode/DerivedData/clipper-aipzrmwikwkfrmczdamlhizsrnmk/Build/Intermediates.noindex/clipper.build/Debug/clipper.build/Objects-normal/arm64 -c -j10 -enable-batch-mode -incremental -Xcc -ivfsstatcache -Xcc /Users/fe/Library/Developer/Xcode/DerivedData/SDKStatCaches.noindex/macosx26.5-25F70-e082c4a02f00227109f4ed75e425c832.sdkstatcache -output-file-map /Users/fe/Library/Developer/Xcode/DerivedData/clipper-aipzrmwikwkfrmczdamlhizsrnmk/Build/Intermediates.noindex/clipper.build/Debug/clipper.build/Objects-normal/arm64/clipper-OutputFileMap.json -use-frontend-parseable-output -save-temps -no-color-diagnostics -explicit-module-build -module-cache-path /Users/fe/Library/Developer/Xcode/DerivedData/clipper-aipzrmwikwkfrmczdamlhizsrnmk/Build/Intermediates.noindex/SwiftExplicitPrecompiledModules -clang-scanner-module-cache-path /Users/fe/Library/Developer/Xcode/DerivedData/ModuleCache.noindex -sdk-module-cache-path /Users/fe/Library/Developer/Xcode/DerivedData/ModuleCache.noindex -serialize-diagnostics -emit-dependencies -emit-module -emit-module-path /Users/fe/Library/Developer/Xcode/DerivedData/clipper-aipzrmwikwkfrmczdamlhizsrnmk/Build/Intermediates.noindex/clipper.build/Debug/clipper.build/Objects-normal/arm64/clipper.swiftmodule -validate-clang-modules-once -clang-build-session-file /Users/fe/Library/Developer/Xcode/DerivedData/ModuleCache.noindex/Session.modulevalidation -Xcc -I/Users/fe/Library/Developer/Xcode/DerivedData/clipper-aipzrmwikwkfrmczdamlhizsrnmk/Build/Intermediates.noindex/clipper.build/Debug/clipper.build/swift-overrides.hmap -emit-const-values -Xfrontend -const-gather-protocols-file -Xfrontend /Users/fe/Library/Developer/Xcode/DerivedData/clipper-aipzrmwikwkfrmczdamlhizsrnmk/Build/Intermediates.noindex/clipper.build/Debug/clipper.build/Objects-normal/arm64/clipper_const_extract_protocols.json -Xcc -iquote -Xcc /Users/fe/Library/Developer/Xcode/DerivedData/clipper-aipzrmwikwkfrmczdamlhizsrnmk/Build/Intermediates.noindex/clipper.build/Debug/clipper.build/clipper-generated-files.hmap -Xcc -I/Users/fe/Library/Developer/Xcode/DerivedData/clipper-aipzrmwikwkfrmczdamlhizsrnmk/Build/Intermediates.noindex/clipper.build/Debug/clipper.build/clipper-own-target-headers.hmap -Xcc -I/Users/fe/Library/Developer/Xcode/DerivedData/clipper-aipzrmwikwkfrmczdamlhizsrnmk/Build/Intermediates.noindex/clipper.build/Debug/clipper.build/clipper-all-target-headers.hmap -Xcc -iquote -Xcc /Users/fe/Library/Developer/Xcode/DerivedData/clipper-aipzrmwikwkfrmczdamlhizsrnmk/Build/Intermediates.noindex/clipper.build/Debug/clipper.build/clipper-project-headers.hmap -Xcc -I/Users/fe/Library/Developer/Xcode/DerivedData/clipper-aipzrmwikwkfrmczdamlhizsrnmk/Build/Products/Debug/include -Xcc -I/Users/fe/Library/Developer/Xcode/DerivedData/clipper-aipzrmwikwkfrmczdamlhizsrnmk/Build/Intermediates.noindex/clipper.build/Debug/clipper.build/DerivedSources-normal/arm64 -Xcc -I/Users/fe/Library/Developer/Xcode/DerivedData/clipper-aipzrmwikwkfrmczdamlhizsrnmk/Build/Intermediates.noindex/clipper.build/Debug/clipper.build/DerivedSources/arm64 -Xcc -I/Users/fe/Library/Developer/Xcode/DerivedData/clipper-aipzrmwikwkfrmczdamlhizsrnmk/Build/Intermediates.noindex/clipper.build/Debug/clipper.build/DerivedSources -Xcc -DDEBUG\=1 -emit-objc-header -emit-objc-header-path /Users/fe/Library/Developer/Xcode/DerivedData/clipper-aipzrmwikwkfrmczdamlhizsrnmk/Build/Intermediates.noindex/clipper.build/Debug/clipper.build/Objects-normal/arm64/clipper-Swift.h -working-directory /Users/fe/GitHub/clipper -experimental-emit-module-separately -disable-cmo

Ld /Users/fe/Library/Developer/Xcode/DerivedData/clipper-aipzrmwikwkfrmczdamlhizsrnmk/Build/Products/Debug/clipper.app/Contents/MacOS/clipper.debug.dylib normal (in target 'clipper' from project 'clipper')
    cd /Users/fe/GitHub/clipper
    /Applications/Xcode.app/Contents/Developer/Toolchains/XcodeDefault.xctoolchain/usr/bin/clang -Xlinker -reproducible -target arm64-apple-macos26.5 -dynamiclib -isysroot /Applications/Xcode.app/Contents/Developer/Platforms/MacOSX.platform/Developer/SDKs/MacOSX26.5.sdk -O0 -L/Users/fe/Library/Developer/Xcode/DerivedData/clipper-aipzrmwikwkfrmczdamlhizsrnmk/Build/Intermediates.noindex/EagerLinkingTBDs/Debug -L/Users/fe/Library/Developer/Xcode/DerivedData/clipper-aipzrmwikwkfrmczdamlhizsrnmk/Build/Products/Debug -F/Users/fe/Library/Developer/Xcode/DerivedData/clipper-aipzrmwikwkfrmczdamlhizsrnmk/Build/Intermediates.noindex/EagerLinkingTBDs/Debug -F/Users/fe/Library/Developer/Xcode/DerivedData/clipper-aipzrmwikwkfrmczdamlhizsrnmk/Build/Products/Debug -filelist /Users/fe/Library/Developer/Xcode/DerivedData/clipper-aipzrmwikwkfrmczdamlhizsrnmk/Build/Intermediates.noindex/clipper.build/Debug/clipper.build/Objects-normal/arm64/clipper.LinkFileList -install_name @rpath/clipper.debug.dylib -Xlinker -rpath -Xlinker @executable_path/../Frameworks -Xlinker -object_path_lto -Xlinker /Users/fe/Library/Developer/Xcode/DerivedData/clipper-aipzrmwikwkfrmczdamlhizsrnmk/Build/Intermediates.noindex/clipper.build/Debug/clipper.build/Objects-normal/arm64/clipper_lto.o -rdynamic -Xlinker -no_deduplicate -Xlinker -dependency_info -Xlinker /Users/fe/Library/Developer/Xcode/DerivedData/clipper-aipzrmwikwkfrmczdamlhizsrnmk/Build/Intermediates.noindex/clipper.build/Debug/clipper.build/Objects-normal/arm64/clipper_dependency_info.dat -fobjc-link-runtime -L/Applications/Xcode.app/Contents/Developer/Toolchains/XcodeDefault.xctoolchain/usr/lib/swift/macosx -L/usr/lib/swift -Xlinker -add_ast_path -Xlinker /Users/fe/Library/Developer/Xcode/DerivedData/clipper-aipzrmwikwkfrmczdamlhizsrnmk/Build/Intermediates.noindex/clipper.build/Debug/clipper.build/Objects-normal/arm64/clipper.swiftmodule @/Users/fe/Library/Developer/Xcode/DerivedData/clipper-aipzrmwikwkfrmczdamlhizsrnmk/Build/Intermediates.noindex/clipper.build/Debug/clipper.build/Objects-normal/arm64/clipper-linker-args.resp -Xlinker -alias -Xlinker _main -Xlinker ___debug_main_executable_dylib_entry_point -Xlinker -no_adhoc_codesign -o /Users/fe/Library/Developer/Xcode/DerivedData/clipper-aipzrmwikwkfrmczdamlhizsrnmk/Build/Products/Debug/clipper.app/Contents/MacOS/clipper.debug.dylib

ConstructStubExecutorLinkFileList /Users/fe/Library/Developer/Xcode/DerivedData/clipper-aipzrmwikwkfrmczdamlhizsrnmk/Build/Intermediates.noindex/clipper.build/Debug/clipper.build/clipper-ExecutorLinkFileList-normal-arm64.txt (in target 'clipper' from project 'clipper')
    cd /Users/fe/GitHub/clipper
    construct-stub-executor-link-file-list /Users/fe/Library/Developer/Xcode/DerivedData/clipper-aipzrmwikwkfrmczdamlhizsrnmk/Build/Products/Debug/clipper.app/Contents/MacOS/clipper.debug.dylib /Applications/Xcode.app/Contents/Developer/Platforms/MacOSX.platform/Developer/usr/lib/libPreviewsJITStubExecutor_no_swift_entry_point.a /Applications/Xcode.app/Contents/Developer/Platforms/MacOSX.platform/Developer/usr/lib/libPreviewsJITStubExecutor.a --output /Users/fe/Library/Developer/Xcode/DerivedData/clipper-aipzrmwikwkfrmczdamlhizsrnmk/Build/Intermediates.noindex/clipper.build/Debug/clipper.build/clipper-ExecutorLinkFileList-normal-arm64.txt
note: Using stub executor library with Swift entry point. (in target 'clipper' from project 'clipper')

Ld /Users/fe/Library/Developer/Xcode/DerivedData/clipper-aipzrmwikwkfrmczdamlhizsrnmk/Build/Products/Debug/clipper.app/Contents/MacOS/clipper normal (in target 'clipper' from project 'clipper')
    cd /Users/fe/GitHub/clipper
    /Applications/Xcode.app/Contents/Developer/Toolchains/XcodeDefault.xctoolchain/usr/bin/clang -Xlinker -reproducible -target arm64-apple-macos26.5 -isysroot /Applications/Xcode.app/Contents/Developer/Platforms/MacOSX.platform/Developer/SDKs/MacOSX26.5.sdk -O0 -L/Users/fe/Library/Developer/Xcode/DerivedData/clipper-aipzrmwikwkfrmczdamlhizsrnmk/Build/Products/Debug -F/Users/fe/Library/Developer/Xcode/DerivedData/clipper-aipzrmwikwkfrmczdamlhizsrnmk/Build/Products/Debug -Xlinker -rpath -Xlinker @executable_path -Xlinker -rpath -Xlinker @executable_path/../Frameworks -rdynamic -Xlinker -no_deduplicate -e ___debug_blank_executor_main -Xlinker -sectcreate -Xlinker __TEXT -Xlinker __debug_dylib -Xlinker /Users/fe/Library/Developer/Xcode/DerivedData/clipper-aipzrmwikwkfrmczdamlhizsrnmk/Build/Intermediates.noindex/clipper.build/Debug/clipper.build/clipper-DebugDylibPath-normal-arm64.txt -Xlinker -sectcreate -Xlinker __TEXT -Xlinker __debug_instlnm -Xlinker /Users/fe/Library/Developer/Xcode/DerivedData/clipper-aipzrmwikwkfrmczdamlhizsrnmk/Build/Intermediates.noindex/clipper.build/Debug/clipper.build/clipper-DebugDylibInstallName-normal-arm64.txt -Xlinker -filelist -Xlinker /Users/fe/Library/Developer/Xcode/DerivedData/clipper-aipzrmwikwkfrmczdamlhizsrnmk/Build/Intermediates.noindex/clipper.build/Debug/clipper.build/clipper-ExecutorLinkFileList-normal-arm64.txt /Users/fe/Library/Developer/Xcode/DerivedData/clipper-aipzrmwikwkfrmczdamlhizsrnmk/Build/Products/Debug/clipper.app/Contents/MacOS/clipper.debug.dylib -Xlinker -no_adhoc_codesign -o /Users/fe/Library/Developer/Xcode/DerivedData/clipper-aipzrmwikwkfrmczdamlhizsrnmk/Build/Products/Debug/clipper.app/Contents/MacOS/clipper

CopySwiftLibs /Users/fe/Library/Developer/Xcode/DerivedData/clipper-aipzrmwikwkfrmczdamlhizsrnmk/Build/Products/Debug/clipper.app (in target 'clipper' from project 'clipper')
    cd /Users/fe/GitHub/clipper
    builtin-swiftStdLibTool --copy --verbose --sign F37F34F8D4D532C9B9F79EE4174FCDABCF858580 --scan-executable /Users/fe/Library/Developer/Xcode/DerivedData/clipper-aipzrmwikwkfrmczdamlhizsrnmk/Build/Products/Debug/clipper.app/Contents/MacOS/clipper.debug.dylib --scan-folder /Users/fe/Library/Developer/Xcode/DerivedData/clipper-aipzrmwikwkfrmczdamlhizsrnmk/Build/Products/Debug/clipper.app/Contents/Frameworks --scan-folder /Users/fe/Library/Developer/Xcode/DerivedData/clipper-aipzrmwikwkfrmczdamlhizsrnmk/Build/Products/Debug/clipper.app/Contents/PlugIns --scan-folder /Users/fe/Library/Developer/Xcode/DerivedData/clipper-aipzrmwikwkfrmczdamlhizsrnmk/Build/Products/Debug/clipper.app/Contents/Library/SystemExtensions --scan-folder /Users/fe/Library/Developer/Xcode/DerivedData/clipper-aipzrmwikwkfrmczdamlhizsrnmk/Build/Products/Debug/clipper.app/Contents/Extensions --platform macosx --toolchain /Applications/Xcode.app/Contents/Developer/Toolchains/XcodeDefault.xctoolchain --destination /Users/fe/Library/Developer/Xcode/DerivedData/clipper-aipzrmwikwkfrmczdamlhizsrnmk/Build/Products/Debug/clipper.app/Contents/Frameworks --strip-bitcode --strip-bitcode-tool /Applications/Xcode.app/Contents/Developer/Toolchains/XcodeDefault.xctoolchain/usr/bin/bitcode_strip --emit-dependency-info /Users/fe/Library/Developer/Xcode/DerivedData/clipper-aipzrmwikwkfrmczdamlhizsrnmk/Build/Intermediates.noindex/clipper.build/Debug/clipper.build/SwiftStdLibToolInputDependencies.dep --filter-for-swift-os

ExtractAppIntentsMetadata (in target 'clipper' from project 'clipper')
    cd /Users/fe/GitHub/clipper
    /Applications/Xcode.app/Contents/Developer/Toolchains/XcodeDefault.xctoolchain/usr/bin/appintentsmetadataprocessor --toolchain-dir /Applications/Xcode.app/Contents/Developer/Toolchains/XcodeDefault.xctoolchain --module-name clipper --sdk-root /Applications/Xcode.app/Contents/Developer/Platforms/MacOSX.platform/Developer/SDKs/MacOSX26.5.sdk --xcode-version 17F113 --platform-family macOS --deployment-target 26.5 --bundle-identifier poohline.clipper --output /Users/fe/Library/Developer/Xcode/DerivedData/clipper-aipzrmwikwkfrmczdamlhizsrnmk/Build/Products/Debug/clipper.app/Contents/Resources --target-triple arm64-apple-macos26.5 --binary-file /Users/fe/Library/Developer/Xcode/DerivedData/clipper-aipzrmwikwkfrmczdamlhizsrnmk/Build/Products/Debug/clipper.app/Contents/MacOS/clipper --dependency-file /Users/fe/Library/Developer/Xcode/DerivedData/clipper-aipzrmwikwkfrmczdamlhizsrnmk/Build/Intermediates.noindex/clipper.build/Debug/clipper.build/Objects-normal/arm64/clipper_dependency_info.dat --stringsdata-file /Users/fe/Library/Developer/Xcode/DerivedData/clipper-aipzrmwikwkfrmczdamlhizsrnmk/Build/Intermediates.noindex/clipper.build/Debug/clipper.build/Objects-normal/arm64/ExtractedAppShortcutsMetadata.stringsdata --source-file-list /Users/fe/Library/Developer/Xcode/DerivedData/clipper-aipzrmwikwkfrmczdamlhizsrnmk/Build/Intermediates.noindex/clipper.build/Debug/clipper.build/Objects-normal/arm64/clipper.SwiftFileList --metadata-file-list /Users/fe/Library/Developer/Xcode/DerivedData/clipper-aipzrmwikwkfrmczdamlhizsrnmk/Build/Intermediates.noindex/clipper.build/Debug/clipper.build/clipper.DependencyMetadataFileList --static-metadata-file-list /Users/fe/Library/Developer/Xcode/DerivedData/clipper-aipzrmwikwkfrmczdamlhizsrnmk/Build/Intermediates.noindex/clipper.build/Debug/clipper.build/clipper.DependencyStaticMetadataFileList --swift-const-vals-list /Users/fe/Library/Developer/Xcode/DerivedData/clipper-aipzrmwikwkfrmczdamlhizsrnmk/Build/Intermediates.noindex/clipper.build/Debug/clipper.build/Objects-normal/arm64/clipper.SwiftConstValuesFileList --compile-time-extraction --deployment-aware-processing --validate-assistant-intents --no-app-shortcuts-localization
2026-07-16 15:49:32.717 appintentsmetadataprocessor[10164:96058] Starting appintentsmetadataprocessor export
2026-07-16 15:49:32.720 appintentsmetadataprocessor[10164:96058] warning: Metadata extraction skipped. No AppIntents.framework dependency found.

CodeSign /Users/fe/Library/Developer/Xcode/DerivedData/clipper-aipzrmwikwkfrmczdamlhizsrnmk/Build/Products/Debug/clipper.app/Contents/MacOS/clipper.debug.dylib (in target 'clipper' from project 'clipper')
    cd /Users/fe/GitHub/clipper
    
    Signing Identity:     "Apple Development: tts.ohnt@gmail.com (F8VX46574C)"
    
    /usr/bin/codesign --force --sign F37F34F8D4D532C9B9F79EE4174FCDABCF858580 -o runtime --timestamp\=none --generate-entitlement-der /Users/fe/Library/Developer/Xcode/DerivedData/clipper-aipzrmwikwkfrmczdamlhizsrnmk/Build/Products/Debug/clipper.app/Contents/MacOS/clipper.debug.dylib

CodeSign /Users/fe/Library/Developer/Xcode/DerivedData/clipper-aipzrmwikwkfrmczdamlhizsrnmk/Build/Products/Debug/clipper.app/Contents/MacOS/__preview.dylib (in target 'clipper' from project 'clipper')
    cd /Users/fe/GitHub/clipper
    
    Signing Identity:     "Apple Development: tts.ohnt@gmail.com (F8VX46574C)"
    
    /usr/bin/codesign --force --sign F37F34F8D4D532C9B9F79EE4174FCDABCF858580 -o runtime --timestamp\=none --generate-entitlement-der /Users/fe/Library/Developer/Xcode/DerivedData/clipper-aipzrmwikwkfrmczdamlhizsrnmk/Build/Products/Debug/clipper.app/Contents/MacOS/__preview.dylib

CodeSign /Users/fe/Library/Developer/Xcode/DerivedData/clipper-aipzrmwikwkfrmczdamlhizsrnmk/Build/Products/Debug/clipper.app (in target 'clipper' from project 'clipper')
    cd /Users/fe/GitHub/clipper
    
    Signing Identity:     "Apple Development: tts.ohnt@gmail.com (F8VX46574C)"
    
    /usr/bin/codesign --force --sign F37F34F8D4D532C9B9F79EE4174FCDABCF858580 -o runtime --entitlements /Users/fe/Library/Developer/Xcode/DerivedData/clipper-aipzrmwikwkfrmczdamlhizsrnmk/Build/Intermediates.noindex/clipper.build/Debug/clipper.build/clipper.app.xcent --timestamp\=none --generate-entitlement-der /Users/fe/Library/Developer/Xcode/DerivedData/clipper-aipzrmwikwkfrmczdamlhizsrnmk/Build/Products/Debug/clipper.app

Validate /Users/fe/Library/Developer/Xcode/DerivedData/clipper-aipzrmwikwkfrmczdamlhizsrnmk/Build/Products/Debug/clipper.app (in target 'clipper' from project 'clipper')
    cd /Users/fe/GitHub/clipper
    builtin-validationUtility /Users/fe/Library/Developer/Xcode/DerivedData/clipper-aipzrmwikwkfrmczdamlhizsrnmk/Build/Products/Debug/clipper.app -no-validate-extension -infoplist-subpath Contents/Info.plist

RegisterWithLaunchServices /Users/fe/Library/Developer/Xcode/DerivedData/clipper-aipzrmwikwkfrmczdamlhizsrnmk/Build/Products/Debug/clipper.app (in target 'clipper' from project 'clipper')
    cd /Users/fe/GitHub/clipper
    /System/Library/Frameworks/CoreServices.framework/Versions/Current/Frameworks/LaunchServices.framework/Versions/Current/Support/lsregister -f -R -trusted /Users/fe/Library/Developer/Xcode/DerivedData/clipper-aipzrmwikwkfrmczdamlhizsrnmk/Build/Products/Debug/clipper.app

** BUILD SUCCEEDED **

